2.3_Implicit_intents/ImplicitIntentsReceiver/app/build/intermediates/manifest_merge_blame_file/debug/manifest-merger-blame-debug-report.txt
1<?xml version="1.0" encoding="utf-8"?>
2<manifest xmlns:android="http://schemas.android.com/apk/res/android"
3    package="com.shady.implicitintentsreceiver"
4    android:versionCode="1"
5    android:versionName="1.0" >
6
7    <uses-sdk
8        android:minSdkVersion="21"
8-->src\main\AndroidManifest.xml
9        android:targetSdkVersion="27" />
9-->src\main\AndroidManifest.xml
10
11    <application
11-->src\main\AndroidManifest.xml:5:5-25:19
12        android:allowBackup="true"
12-->src\main\AndroidManifest.xml:6:9-35
13        android:debuggable="true"
14        android:icon="@mipmap/ic_launcher"
14-->src\main\AndroidManifest.xml:7:9-43
15        android:label="@string/app_name"
15-->src\main\AndroidManifest.xml:8:9-41
16        android:roundIcon="@mipmap/ic_launcher_round"
16-->src\main\AndroidManifest.xml:9:9-54
17        android:supportsRtl="true"
17-->src\main\AndroidManifest.xml:10:9-35
18        android:testOnly="true"
19        android:theme="@style/AppTheme" >
19-->src\main\AndroidManifest.xml:11:9-40
20        <activity android:name="com.shady.implicitintentsreceiver.MainActivity" >
20-->src\main\AndroidManifest.xml:12:9-24:20
20-->src\main\AndroidManifest.xml:12:19-80
21            <intent-filter>
21-->src\main\AndroidManifest.xml:13:13-17:29
22                <action android:name="android.intent.action.MAIN" />
22-->src\main\AndroidManifest.xml:14:17-69
22-->src\main\AndroidManifest.xml:14:25-66
23
24                <category android:name="android.intent.category.LAUNCHER" />
24-->src\main\AndroidManifest.xml:16:17-77
24-->src\main\AndroidManifest.xml:16:27-74
25            </intent-filter>
26            <intent-filter>
26-->src\main\AndroidManifest.xml:18:13-23:29
27                <action android:name="android.intent.action.VIEW" />
27-->src\main\AndroidManifest.xml:19:17-68
27-->src\main\AndroidManifest.xml:19:25-66
28
29                <category android:name="android.intent.category.DEFAULT" />
29-->src\main\AndroidManifest.xml:20:17-75
29-->src\main\AndroidManifest.xml:20:27-73
30                <category android:name="android.intent.category.BROWSABLE" />
30-->src\main\AndroidManifest.xml:21:17-78
30-->src\main\AndroidManifest.xml:21:27-75
31
32                <data
32-->src\main\AndroidManifest.xml:22:17-83
33                    android:host="developer.android.com"
33-->src\main\AndroidManifest.xml:22:45-81
34                    android:scheme="http" />
34-->src\main\AndroidManifest.xml:22:23-44
35            </intent-filter>
36        </activity>
37    </application>
38
39</manifest>